<?xml version="1.0" encoding="UTF-8"?>
<testng-results ignored="1" total="2" passed="0" failed="1" skipped="0">
  <reporter-output>
  </reporter-output>
  <suite started-at="2023-02-23T14:55:16 EST" name="Default suite" finished-at="2023-02-23T14:55:21 EST" duration-ms="5069">
    <groups>
    </groups>
    <test started-at="2023-02-23T14:55:16 EST" name="Default test" finished-at="2023-02-23T14:55:21 EST" duration-ms="5069">
      <class name="testpackage.Shopping_cart">
        <test-method is-config="true" signature="initsetup()[pri:0, instance:testpackage.Shopping_cart@61862a7f]" started-at="2023-02-23T14:55:16 EST" name="initsetup" finished-at="2023-02-23T14:55:19 EST" duration-ms="3223" status="PASS">
          <reporter-output>
          </reporter-output>
        </test-method> <!-- initsetup -->
        <test-method signature="add_to_cart()[pri:0, instance:testpackage.Shopping_cart@61862a7f]" started-at="2023-02-23T14:55:19 EST" name="add_to_cart" finished-at="2023-02-23T14:55:21 EST" duration-ms="1824" status="FAIL">
          <exception class="org.openqa.selenium.NoSuchElementException">
            <message>
              <![CDATA[no such element: Unable to locate element: {"method":"css selector","selector":"#search > div.s-desktop-width-max.s-desktop-content.s-wide-grid-style-t3.s-opposite-dir.s-wide-grid-style.sg-row > div.sg-col-20-of-24.s-matching-dir.sg-col-16-of-20.sg-col.sg-col-8-of-12.sg-col-12-of-16 > div > span.rush-component.s-latency-cf-section > div.s-main-slot.s-result-list.s-search-results.sg-row > div:nth-child(4) > div > div > div > div > div.a-section.a-spacing-small.puis-padding-left-small.puis-padding-right-small > div.a-section.a-spacing-none.a-spacing-top-small.s-title-instructions-style > h2"}
  (Session info: chrome=110.0.5481.104)
For documentation on this error, please visit: https://www.seleniumhq.org/exceptions/no_such_element.html
Build info: version: '3.141.59', revision: 'e82be7d358', time: '2018-11-14T08:17:03'
System info: host: 'AMAN', ip: '192.168.253.1', os.name: 'Windows 11', os.arch: 'amd64', os.version: '10.0', java.version: '19.0.1'
Driver info: org.openqa.selenium.chrome.ChromeDriver
Capabilities {acceptInsecureCerts: false, browserName: chrome, browserVersion: 110.0.5481.104, chrome: {chromedriverVersion: 109.0.5414.74 (e7c5703604da..., userDataDir: C:\Users\amanb\AppData\Loca...}, goog:chromeOptions: {debuggerAddress: localhost:56637}, javascriptEnabled: true, networkConnectionEnabled: false, pageLoadStrategy: normal, platform: WINDOWS, platformName: WINDOWS, proxy: Proxy(), setWindowRect: true, strictFileInteractability: false, timeouts: {implicit: 0, pageLoad: 300000, script: 30000}, unhandledPromptBehavior: dismiss and notify, webauthn:extension:credBlob: true, webauthn:extension:largeBlob: true, webauthn:virtualAuthenticators: true}
Session ID: 33ea777e64c16ba3cf4d72e13087d583
*** Element info: {Using=css selector, value=#search > div.s-desktop-width-max.s-desktop-content.s-wide-grid-style-t3.s-opposite-dir.s-wide-grid-style.sg-row > div.sg-col-20-of-24.s-matching-dir.sg-col-16-of-20.sg-col.sg-col-8-of-12.sg-col-12-of-16 > div > span.rush-component.s-latency-cf-section > div.s-main-slot.s-result-list.s-search-results.sg-row > div:nth-child(4) > div > div > div > div > div.a-section.a-spacing-small.puis-padding-left-small.puis-padding-right-small > div.a-section.a-spacing-none.a-spacing-top-small.s-title-instructions-style > h2}]]>
            </message>
            <full-stacktrace>
              <![CDATA[org.openqa.selenium.NoSuchElementException: no such element: Unable to locate element: {"method":"css selector","selector":"#search > div.s-desktop-width-max.s-desktop-content.s-wide-grid-style-t3.s-opposite-dir.s-wide-grid-style.sg-row > div.sg-col-20-of-24.s-matching-dir.sg-col-16-of-20.sg-col.sg-col-8-of-12.sg-col-12-of-16 > div > span.rush-component.s-latency-cf-section > div.s-main-slot.s-result-list.s-search-results.sg-row > div:nth-child(4) > div > div > div > div > div.a-section.a-spacing-small.puis-padding-left-small.puis-padding-right-small > div.a-section.a-spacing-none.a-spacing-top-small.s-title-instructions-style > h2"}
  (Session info: chrome=110.0.5481.104)
For documentation on this error, please visit: https://www.seleniumhq.org/exceptions/no_such_element.html
Build info: version: '3.141.59', revision: 'e82be7d358', time: '2018-11-14T08:17:03'
System info: host: 'AMAN', ip: '192.168.253.1', os.name: 'Windows 11', os.arch: 'amd64', os.version: '10.0', java.version: '19.0.1'
Driver info: org.openqa.selenium.chrome.ChromeDriver
Capabilities {acceptInsecureCerts: false, browserName: chrome, browserVersion: 110.0.5481.104, chrome: {chromedriverVersion: 109.0.5414.74 (e7c5703604da..., userDataDir: C:\Users\amanb\AppData\Loca...}, goog:chromeOptions: {debuggerAddress: localhost:56637}, javascriptEnabled: true, networkConnectionEnabled: false, pageLoadStrategy: normal, platform: WINDOWS, platformName: WINDOWS, proxy: Proxy(), setWindowRect: true, strictFileInteractability: false, timeouts: {implicit: 0, pageLoad: 300000, script: 30000}, unhandledPromptBehavior: dismiss and notify, webauthn:extension:credBlob: true, webauthn:extension:largeBlob: true, webauthn:virtualAuthenticators: true}
Session ID: 33ea777e64c16ba3cf4d72e13087d583
*** Element info: {Using=css selector, value=#search > div.s-desktop-width-max.s-desktop-content.s-wide-grid-style-t3.s-opposite-dir.s-wide-grid-style.sg-row > div.sg-col-20-of-24.s-matching-dir.sg-col-16-of-20.sg-col.sg-col-8-of-12.sg-col-12-of-16 > div > span.rush-component.s-latency-cf-section > div.s-main-slot.s-result-list.s-search-results.sg-row > div:nth-child(4) > div > div > div > div > div.a-section.a-spacing-small.puis-padding-left-small.puis-padding-right-small > div.a-section.a-spacing-none.a-spacing-top-small.s-title-instructions-style > h2}
at java.base/jdk.internal.reflect.DirectConstructorHandleAccessor.newInstance(DirectConstructorHandleAccessor.java:67)
at java.base/java.lang.reflect.Constructor.newInstanceWithCaller(Constructor.java:500)
at java.base/java.lang.reflect.Constructor.newInstance(Constructor.java:484)
at org.openqa.selenium.remote.http.W3CHttpResponseCodec.createException(W3CHttpResponseCodec.java:187)
at org.openqa.selenium.remote.http.W3CHttpResponseCodec.decode(W3CHttpResponseCodec.java:122)
at org.openqa.selenium.remote.http.W3CHttpResponseCodec.decode(W3CHttpResponseCodec.java:49)
at org.openqa.selenium.remote.HttpCommandExecutor.execute(HttpCommandExecutor.java:158)
at org.openqa.selenium.remote.service.DriverCommandExecutor.execute(DriverCommandExecutor.java:83)
at org.openqa.selenium.remote.RemoteWebDriver.execute(RemoteWebDriver.java:552)
at org.openqa.selenium.remote.RemoteWebDriver.findElement(RemoteWebDriver.java:323)
at org.openqa.selenium.remote.RemoteWebDriver.findElementByCssSelector(RemoteWebDriver.java:420)
at org.openqa.selenium.By$ByCssSelector.findElement(By.java:431)
at org.openqa.selenium.remote.RemoteWebDriver.findElement(RemoteWebDriver.java:315)
at org.openqa.selenium.support.pagefactory.DefaultElementLocator.findElement(DefaultElementLocator.java:69)
at org.openqa.selenium.support.pagefactory.internal.LocatingElementHandler.invoke(LocatingElementHandler.java:38)
at jdk.proxy2/jdk.proxy2.$Proxy11.click(Unknown Source)
at amazonPages.Pom_shoppingcart.adding_to_cart(Pom_shoppingcart.java:34)
at testpackage.Shopping_cart.add_to_cart(Shopping_cart.java:25)
at java.base/jdk.internal.reflect.DirectMethodHandleAccessor.invoke(DirectMethodHandleAccessor.java:104)
at java.base/java.lang.reflect.Method.invoke(Method.java:578)
at org.testng.internal.MethodInvocationHelper.invokeMethod(MethodInvocationHelper.java:133)
at org.testng.internal.TestInvoker.invokeMethod(TestInvoker.java:598)
at org.testng.internal.TestInvoker.invokeTestMethod(TestInvoker.java:173)
at org.testng.internal.MethodRunner.runInSequence(MethodRunner.java:46)
at org.testng.internal.TestInvoker$MethodInvocationAgent.invoke(TestInvoker.java:824)
at org.testng.internal.TestInvoker.invokeTestMethods(TestInvoker.java:146)
at org.testng.internal.TestMethodWorker.invokeTestMethods(TestMethodWorker.java:146)
at org.testng.internal.TestMethodWorker.run(TestMethodWorker.java:128)
at java.base/java.util.ArrayList.forEach(ArrayList.java:1511)
at org.testng.TestRunner.privateRun(TestRunner.java:794)
at org.testng.TestRunner.run(TestRunner.java:596)
at org.testng.SuiteRunner.runTest(SuiteRunner.java:377)
at org.testng.SuiteRunner.runSequentially(SuiteRunner.java:371)
at org.testng.SuiteRunner.privateRun(SuiteRunner.java:332)
at org.testng.SuiteRunner.run(SuiteRunner.java:276)
at org.testng.SuiteRunnerWorker.runSuite(SuiteRunnerWorker.java:53)
at org.testng.SuiteRunnerWorker.run(SuiteRunnerWorker.java:96)
at org.testng.TestNG.runSuitesSequentially(TestNG.java:1212)
at org.testng.TestNG.runSuitesLocally(TestNG.java:1134)
at org.testng.TestNG.runSuites(TestNG.java:1063)
at org.testng.TestNG.run(TestNG.java:1031)
at org.testng.remote.AbstractRemoteTestNG.run(AbstractRemoteTestNG.java:115)
at org.testng.remote.RemoteTestNG.initAndRun(RemoteTestNG.java:251)
at org.testng.remote.RemoteTestNG.main(RemoteTestNG.java:77)
]]>
            </full-stacktrace>
          </exception> <!-- org.openqa.selenium.NoSuchElementException -->
          <reporter-output>
          </reporter-output>
        </test-method> <!-- add_to_cart -->
      </class> <!-- testpackage.Shopping_cart -->
    </test> <!-- Default test -->
  </suite> <!-- Default suite -->
</testng-results>
